<?xml version="1.0" encoding="UTF-8"?>
<!-- Generated by org.testng.reporters.JUnitXMLReporter -->
<testsuite hostname="Puneets-MacBook-Pro.local" ignored="0" name="Test2" tests="1" failures="0" timestamp="15 Oct 2022 09:05:17 GMT" time="52.884" errors="0">
  <testcase name="Verify_User_Able_To_Filter_Search_Result_Under_Women_Category_By_Color" time="41.711" classname="UiTest.UiTestRespond.Tc_02_Verify_User_Able_To_Filter_Search_Result_Under_Women_Category_By_Color"/>
</testsuite> <!-- Test2 -->
