<?xml version="1.0" encoding="UTF-8"?>
<testsuite xmlns:xsi="http://www.w3.org/2001/XMLSchema-instance" xsi:noNamespaceSchemaLocation="https://maven.apache.org/surefire/maven-surefire-plugin/xsd/surefire-test-report-3.0.xsd" version="3.0" name="TestSuite" time="82.509" tests="3" errors="0" skipped="0" failures="0">
  <properties>
[...]
</properties>
  <testcase name="Verify_User_Able_To_Serach_Item_Using_Search_Bar" classname="UiTest.UiTestRespond.Tc_01_Verify_User_Able_To_Serach_Item_Using_Search_Bar" time="7.968"/>
  <testcase name="Verify_User_Able_To_Filter_Search_Result_Under_Women_Category_By_Color" classname="UiTest.UiTestRespond.Tc_02_Verify_User_Able_To_Filter_Search_Result_Under_Women_Category_By_Color" time="41.712"/>
  <testcase name="verify_If_User_Able_To_View_Any_Clothing_Item_And_Add_That_To_Cart" classname="UiTest.UiTestRespond.Tc_03_Verify_If_User_Able_To_View_Any_Clothing_Item_And_Add_That_To_Cart" time="2.684"/>
</testsuite>